The system is: Linux - 3.10.0-957.5.1.el7.x86_64 - x86_64
Compiling the CXX compiler identification source file "CMakeCXXCompilerId.cpp" succeeded.
Compiler: /opt/intel/compilers_and_libraries_2018.2.199/linux/bin/intel64/icpc 
Build flags: 
Id flags:  

The output was:
0


Compilation of the CXX compiler identification source "CMakeCXXCompilerId.cpp" produced "a.out"

The CXX compiler identification is Intel, found in "/home1/04709/vantaj94/pcse/project/build/CMakeFiles/3.16.1/CompilerIdCXX/a.out"

Determining if the CXX compiler works passed with the following output:
Change Dir: /home1/04709/vantaj94/pcse/project/build/CMakeFiles/CMakeTmp

Run Build Command(s):/bin/gmake cmTC_da8a8/fast && /bin/gmake -f CMakeFiles/cmTC_da8a8.dir/build.make CMakeFiles/cmTC_da8a8.dir/build
gmake[1]: Entering directory `/home1/04709/vantaj94/pcse/project/build/CMakeFiles/CMakeTmp'
Building CXX object CMakeFiles/cmTC_da8a8.dir/testCXXCompiler.cxx.o
/opt/intel/compilers_and_libraries_2018.2.199/linux/bin/intel64/icpc     -o CMakeFiles/cmTC_da8a8.dir/testCXXCompiler.cxx.o -c /home1/04709/vantaj94/pcse/project/build/CMakeFiles/CMakeTmp/testCXXCompiler.cxx
Linking CXX executable cmTC_da8a8
/opt/apps/cmake/3.16.1/bin/cmake -E cmake_link_script CMakeFiles/cmTC_da8a8.dir/link.txt --verbose=1
/opt/intel/compilers_and_libraries_2018.2.199/linux/bin/intel64/icpc       -rdynamic CMakeFiles/cmTC_da8a8.dir/testCXXCompiler.cxx.o  -o cmTC_da8a8 
gmake[1]: Leaving directory `/home1/04709/vantaj94/pcse/project/build/CMakeFiles/CMakeTmp'



Detecting CXX compiler ABI info compiled with the following output:
Change Dir: /home1/04709/vantaj94/pcse/project/build/CMakeFiles/CMakeTmp

Run Build Command(s):/bin/gmake cmTC_656dc/fast && /bin/gmake -f CMakeFiles/cmTC_656dc.dir/build.make CMakeFiles/cmTC_656dc.dir/build
gmake[1]: Entering directory `/home1/04709/vantaj94/pcse/project/build/CMakeFiles/CMakeTmp'
Building CXX object CMakeFiles/cmTC_656dc.dir/CMakeCXXCompilerABI.cpp.o
/opt/intel/compilers_and_libraries_2018.2.199/linux/bin/intel64/icpc    -v -o CMakeFiles/cmTC_656dc.dir/CMakeCXXCompilerABI.cpp.o -c /opt/apps/cmake/3.16.1/share/cmake-3.16/Modules/CMakeCXXCompilerABI.cpp
icpc version 18.0.2 (gcc version 6.3.0 compatibility)
/opt/intel/compilers_and_libraries_2018.2.199/linux/bin/intel64/mcpcom    --target_efi2 --lang=c++ -_g -mP3OPT_inline_alloca -D__ICC=1800 -D__INTEL_COMPILER=1800 -D__INTEL_COMPILER_UPDATE=2 -D__PTRDIFF_TYPE__=long "-D__SIZE_TYPE__=unsigned long" -D__WCHAR_TYPE__=int "-D__WINT_TYPE__=unsigned int" "-D__INTMAX_TYPE__=long int" "-D__UINTMAX_TYPE__=long unsigned int" -D__GLIBCXX_TYPE_INT_N_0=__int128 -D__GLIBCXX_BITSIZE_INT_N_0=128 -D__LONG_MAX__=9223372036854775807L -D__QMSPP_ -D__OPTIMIZE__ -D__NO_MATH_INLINES -D__NO_STRING_INLINES -D__GNUC_GNU_INLINE__ -D__GNUG__=6 -D__GNUC__=6 -D__GNUC_MINOR__=3 -D__GNUC_PATCHLEVEL__=0 -D__LP64__ -D_LP64 -D_GNU_SOURCE=1 -D__DEPRECATED=1 -D__GXX_WEAK__=1 -D__GXX_ABI_VERSION=1010 "-D__USER_LABEL_PREFIX__= " -D__REGISTER_PREFIX__= -D__INTEL_RTTI__ -D__EXCEPTIONS=1 -D__unix__ -D__unix -D__linux__ -D__linux -D__gnu_linux__ -B -Dunix -Dlinux "-_Asystem(unix)" -D__ELF__ -D__x86_64 -D__x86_64__ -D__amd64 -D__amd64__ "-_Acpu(x86_64)" "-_Amachine(x86_64)" -D__INTEL_COMPILER_BUILD_DATE=20180210 -D__INTEL_OFFLOAD -D__i686 -D__i686__ -D__pentiumpro -D__pentiumpro__ -D__pentium4 -D__pentium4__ -D__tune_pentium4__ -D__SSE2__ -D__SSE2_MATH__ -D__SSE__ -D__SSE_MATH__ -D__MMX__ -_k -_8 -_l --has_new_stdarg_support -_a -_b --gnu_version=60300 -_W5 --gcc-extern-inline -p --bool -tused -x --multibyte_chars -mGLOB_diag_suppress_sys --system_preinclude /usr/include/stdc-predef.h --array_section --simd --simd_func --offload_mode=1 --offload_target_names=gfx,GFX,mic,MIC --offload_unique_string=icpc0299736238ALC9dE --bool -mGLOB_em64t=TRUE -mP1OPT_version=18.0-intel64 -mGLOB_diag_file=CMakeFiles/cmTC_656dc.dir/CMakeCXXCompilerABI.cpp.diag -mGLOB_long_size_64 -mGLOB_routine_pointer_size_64 -mP1OPT_print_version=FALSE -mCG_use_gas_got_workaround=F -mP2OPT_align_option_used=TRUE -mGLOB_gcc_version=630 "-mGLOB_options_string=-v -o CMakeFiles/cmTC_656dc.dir/CMakeCXXCompilerABI.cpp.o -c" -mGLOB_cxx_limited_range=FALSE -mCG_extend_parms=FALSE -mGLOB_compiler_bin_directory=/opt/intel/compilers_and_libraries_2018.2.199/linux/bin/intel64 -mGLOB_as_output_backup_file_name=/tmp/icpcFxMudQas_.s -mIPOPT_activate -mIPOPT_lite -mGLOB_instruction_tuning=0x0 -mGLOB_uarch_tuning=0x0 -mGLOB_product_id_code=0x22006d8f -mCG_bnl_movbe=T -mGLOB_extended_instructions=0x8 -mP3OPT_use_mspp_call_convention -mP2OPT_subs_out_of_bound=FALSE -mP2OPT_disam_type_based_disam=2 -mP2OPT_disam_assume_ansi_c -mP2OPT_checked_disam_ansi_alias=TRUE -mGLOB_ansi_alias -mPGOPTI_value_profile_use=T -mP2OPT_il0_array_sections=TRUE -mGLOB_offload_mode=1 -mP2OPT_offload_unique_var_string=icpc0299736238ALC9dE -mP2OPT_hlo_level=2 -mP2OPT_hlo -mP2OPT_hpo_rtt_control=0 -mIPOPT_args_in_regs=0 -mP2OPT_disam_assume_nonstd_intent_in=FALSE -mGLOB_imf_mapping_library=/opt/intel/compilers_and_libraries_2018.2.199/linux/bin/intel64/libiml_attr.so -mPGOPTI_gen_threadsafe_level=0 -mIPOPT_lto_object_enabled -mIPOPT_lto_object_value=1 -mIPOPT_obj_output_file_name=CMakeFiles/cmTC_656dc.dir/CMakeCXXCompilerABI.cpp.o -mIPOPT_whole_archive_fixup_file_name=/tmp/icpcwarchR0thwk -mGLOB_linker_version=2.28 -mGLOB_driver_tempfile_name=/tmp/icpctempfile0Ea5Gz -mP3OPT_asm_target=P3OPT_ASM_TARGET_GAS -mGLOB_async_unwind_tables=TRUE -mGLOB_obj_output_file=CMakeFiles/cmTC_656dc.dir/CMakeCXXCompilerABI.cpp.o -mGLOB_source_dialect=GLOB_SOURCE_DIALECT_C_PLUS_PLUS -mP1OPT_source_file_name=/opt/apps/cmake/3.16.1/share/cmake-3.16/Modules/CMakeCXXCompilerABI.cpp -mP1OPT_full_source_file_name=/opt/apps/cmake/3.16.1/share/cmake-3.16/Modules/CMakeCXXCompilerABI.cpp -mGLOB_eh_linux /opt/apps/cmake/3.16.1/share/cmake-3.16/Modules/CMakeCXXCompilerABI.cpp
#include "..." search starts here:
#include <...> search starts here:
 /opt/intel/compilers_and_libraries_2018.2.199/linux/pstl/include
 /opt/intel/compilers_and_libraries_2018.2.199/linux/daal/include
 /opt/intel/compilers_and_libraries_2018.2.199/linux/tbb/include
 /opt/intel/compilers_and_libraries_2018.2.199/linux/mkl/include
 /opt/intel/compilers_and_libraries_2018.2.199/linux/ipp/include
 /opt/intel/compilers_and_libraries_2018.2.199/linux/compiler/include/intel64
 /opt/intel/compilers_and_libraries_2018.2.199/linux/compiler/include/icc
 /opt/intel/compilers_and_libraries_2018.2.199/linux/compiler/include
 /opt/apps/gcc/6.3.0/include/c++/6.3.0
 /opt/apps/gcc/6.3.0/include/c++/6.3.0/x86_64-pc-linux-gnu
 /opt/apps/gcc/6.3.0/include/c++/6.3.0/backward
 /usr/local/include
 /opt/apps/gcc/6.3.0/lib/gcc/x86_64-pc-linux-gnu/6.3.0/include
 /opt/apps/gcc/6.3.0/lib/gcc/x86_64-pc-linux-gnu/6.3.0/include-fixed
 /opt/apps/gcc/6.3.0/include/
 /usr/include
End of search list.
Linking CXX executable cmTC_656dc
/opt/apps/cmake/3.16.1/bin/cmake -E cmake_link_script CMakeFiles/cmTC_656dc.dir/link.txt --verbose=1
/opt/intel/compilers_and_libraries_2018.2.199/linux/bin/intel64/icpc      -v -rdynamic CMakeFiles/cmTC_656dc.dir/CMakeCXXCompilerABI.cpp.o  -o cmTC_656dc 
icpc version 18.0.2 (gcc version 6.3.0 compatibility)
/opt/intel/compilers_and_libraries_2018.2.199/linux/bin/intel64/mcpcom    -mGLOB_em64t=TRUE -mP1OPT_version=18.0-intel64 -mGLOB_diag_file=CMakeFiles/cmTC_656dc.dir/CMakeCXXCompilerABI.cpp.diag -mGLOB_long_size_64 -mGLOB_routine_pointer_size_64 -mP1OPT_print_version=FALSE -mCG_use_gas_got_workaround=F -mP2OPT_align_option_used=TRUE -mGLOB_gcc_version=630 "-mGLOB_options_string=-v -rdynamic -o cmTC_656dc" -mGLOB_cxx_limited_range=FALSE -mCG_extend_parms=FALSE -mGLOB_compiler_bin_directory=/opt/intel/compilers_and_libraries_2018.2.199/linux/bin/intel64 -mGLOB_as_output_backup_file_name=/tmp/icpcBQoSI9as_.s -mGLOB_dashboard_use_source_name -mIPOPT_activate -mGLOB_product_id_code=0x22006d8f -mP3OPT_use_mspp_call_convention -mP2OPT_subs_out_of_bound=FALSE -mP2OPT_disam_type_based_disam=2 -mP2OPT_disam_assume_ansi_c -mP2OPT_checked_disam_ansi_alias=TRUE -mGLOB_ansi_alias -mPGOPTI_value_profile_use=T -mGLOB_opt_report_use_source_name -mP2OPT_il0_array_sections=TRUE -mGLOB_offload_mode=1 -mP2OPT_offload_unique_var_string=icpc0996047471PjU9dI -mP2OPT_hlo -mP2OPT_hpo_rtt_control=0 -mIPOPT_args_in_regs=0 -mP2OPT_disam_assume_nonstd_intent_in=FALSE -mGLOB_imf_mapping_library=/opt/intel/compilers_and_libraries_2018.2.199/linux/bin/intel64/libiml_attr.so -mPGOPTI_gen_threadsafe_level=0 -mIPOPT_link -mIPOPT_ipo_activate -mIPOPT_mo_activate -mIPOPT_source_files_list=/tmp/icpcslisru56Ap -mIPOPT_mo_global_data -mIPOPT_link_script_file=/tmp/icpcscripthMqiYE "-mIPOPT_cmdline_link="/lib/../lib64/crt1.o" "/lib/../lib64/crti.o" "/opt/apps/gcc/6.3.0/lib/gcc/x86_64-pc-linux-gnu/6.3.0/crtbegin.o" "-export-dynamic" "--eh-frame-hdr" "--build-id" "-dynamic-linker" "/lib64/ld-linux-x86-64.so.2" "-m" "elf_x86_64" "-o" "cmTC_656dc" "-L/opt/intel/compilers_and_libraries_2018.2.199/linux/daal/../tbb/lib/intel64_lin/gcc4.4" "-L/opt/intel/compilers_and_libraries_2018.2.199/linux/daal/lib/intel64_lin" "-L/opt/intel/compilers_and_libraries_2018.2.199/linux/tbb/lib/intel64/gcc4.7" "-L/opt/intel/compilers_and_libraries_2018.2.199/linux/mkl/lib/intel64_lin" "-L/opt/intel/compilers_and_libraries_2018.2.199/linux/compiler/lib/intel64_lin" "-L/opt/intel/compilers_and_libraries_2018.2.199/linux/ipp/lib/intel64" "-L/opt/intel/compilers_and_libraries_2018.2.199/linux/compiler/lib/intel64_lin" "-L/opt/apps/gcc/6.3.0/lib/gcc/x86_64-pc-linux-gnu/6.3.0/" "-L/opt/apps/gcc/6.3.0/lib/gcc/x86_64-pc-linux-gnu/6.3.0/../../../../lib64" "-L/opt/apps/gcc/6.3.0/lib/gcc/x86_64-pc-linux-gnu/6.3.0/../../../../lib64/" "-L/lib/../lib64" "-L/lib/../lib64/" "-L/usr/lib/../lib64" "-L/usr/lib/../lib64/" "-L/opt/intel/compilers_and_libraries_2018.2.199/linux/daal/../tbb/lib/intel64_lin/gcc4.4/" "-L/opt/intel/compilers_and_libraries_2018.2.199/linux/daal/lib/intel64_lin/" "-L/opt/intel/compilers_and_libraries_2018.2.199/linux/tbb/lib/intel64/gcc4.7/" "-L/opt/intel/compilers_and_libraries_2018.2.199/linux/mkl/lib/intel64_lin/" "-L/opt/intel/compilers_and_libraries_2018.2.199/linux/compiler/lib/intel64_lin/" "-L/opt/intel/compilers_and_libraries_2018.2.199/linux/ipp/lib/intel64/" "-L/opt/apps/gcc/6.3.0/lib/gcc/x86_64-pc-linux-gnu/6.3.0/../../../../x86_64-pc-linux-gnu/lib/" "-L/opt/apps/gcc/6.3.0/lib/gcc/x86_64-pc-linux-gnu/6.3.0/../../../" "-L/lib64" "-L/lib/" "-L/usr/lib64" "-L/usr/lib" "CMakeFiles/cmTC_656dc.dir/CMakeCXXCompilerABI.cpp.o" "-Bdynamic" "-Bstatic" "-limf" "-lsvml" "-lirng" "-Bdynamic" "-lstdc++" "-lm" "-Bstatic" "-lipgo" "-ldecimal" "--as-needed" "-Bdynamic" "-lcilkrts" "--no-as-needed" "-lstdc++" "-lgcc" "-lgcc_s" "-Bstatic" "-lirc" "-lsvml" "-Bdynamic" "-lc" "-lgcc" "-lgcc_s" "-Bstatic" "-lirc_s" "-Bdynamic" "-ldl" "-lc" "/opt/apps/gcc/6.3.0/lib/gcc/x86_64-pc-linux-gnu/6.3.0/crtend.o" "/lib/../lib64/crtn.o"" -mIPOPT_il_in_obj -mIPOPT_ipo_activate_warn=FALSE -mIPOPT_obj_output_file_name=/tmp/ipo_icpc9Bc5lV.o -mIPOPT_whole_archive_fixup_file_name=/tmp/icpcwarchdxxZWT -mGLOB_linker_version=2.28 -mGLOB_driver_tempfile_name=/tmp/icpctempfileDBnyn9 -mP3OPT_asm_target=P3OPT_ASM_TARGET_GAS -mGLOB_async_unwind_tables=TRUE -mGLOB_obj_output_file=/tmp/ipo_icpc9Bc5lV.o -mGLOB_source_dialect=GLOB_SOURCE_DIALECT_NONE -mP1OPT_source_file_name=ipo_out.c CMakeFiles/cmTC_656dc.dir/CMakeCXXCompilerABI.cpp.o -mIPOPT_object_files=T -mIPOPT_assembly_files=/tmp/icpcalis9YSp6p -mIPOPT_generated_tempfiles=/tmp/icpcelisLqzAtF -mIPOPT_embedded_object_base_name=/tmp/icpceobjXS7KQU -mIPOPT_cmdline_link_new_name=/tmp/icpclliszJaWda
/opt/apps/xalt/xalt/bin/ld    /lib/../lib64/crt1.o /lib/../lib64/crti.o /opt/apps/gcc/6.3.0/lib/gcc/x86_64-pc-linux-gnu/6.3.0/crtbegin.o -export-dynamic --eh-frame-hdr --build-id -dynamic-linker /lib64/ld-linux-x86-64.so.2 -m elf_x86_64 -o cmTC_656dc -L/opt/intel/compilers_and_libraries_2018.2.199/linux/daal/../tbb/lib/intel64_lin/gcc4.4 -L/opt/intel/compilers_and_libraries_2018.2.199/linux/daal/lib/intel64_lin -L/opt/intel/compilers_and_libraries_2018.2.199/linux/tbb/lib/intel64/gcc4.7 -L/opt/intel/compilers_and_libraries_2018.2.199/linux/mkl/lib/intel64_lin -L/opt/intel/compilers_and_libraries_2018.2.199/linux/compiler/lib/intel64_lin -L/opt/intel/compilers_and_libraries_2018.2.199/linux/ipp/lib/intel64 -L/opt/intel/compilers_and_libraries_2018.2.199/linux/compiler/lib/intel64_lin -L/opt/apps/gcc/6.3.0/lib/gcc/x86_64-pc-linux-gnu/6.3.0/ -L/opt/apps/gcc/6.3.0/lib/gcc/x86_64-pc-linux-gnu/6.3.0/../../../../lib64 -L/opt/apps/gcc/6.3.0/lib/gcc/x86_64-pc-linux-gnu/6.3.0/../../../../lib64/ -L/lib/../lib64 -L/lib/../lib64/ -L/usr/lib/../lib64 -L/usr/lib/../lib64/ -L/opt/intel/compilers_and_libraries_2018.2.199/linux/daal/../tbb/lib/intel64_lin/gcc4.4/ -L/opt/intel/compilers_and_libraries_2018.2.199/linux/daal/lib/intel64_lin/ -L/opt/intel/compilers_and_libraries_2018.2.199/linux/tbb/lib/intel64/gcc4.7/ -L/opt/intel/compilers_and_libraries_2018.2.199/linux/mkl/lib/intel64_lin/ -L/opt/intel/compilers_and_libraries_2018.2.199/linux/compiler/lib/intel64_lin/ -L/opt/intel/compilers_and_libraries_2018.2.199/linux/ipp/lib/intel64/ -L/opt/apps/gcc/6.3.0/lib/gcc/x86_64-pc-linux-gnu/6.3.0/../../../../x86_64-pc-linux-gnu/lib/ -L/opt/apps/gcc/6.3.0/lib/gcc/x86_64-pc-linux-gnu/6.3.0/../../../ -L/lib64 -L/lib/ -L/usr/lib64 -L/usr/lib CMakeFiles/cmTC_656dc.dir/CMakeCXXCompilerABI.cpp.o -Bdynamic -Bstatic -limf -lsvml -lirng -Bdynamic -lstdc++ -lm -Bstatic -lipgo -ldecimal --as-needed -Bdynamic -lcilkrts --no-as-needed -lstdc++ -lgcc -lgcc_s -Bstatic -lirc -lsvml -Bdynamic -lc -lgcc -lgcc_s -Bstatic -lirc_s -Bdynamic -ldl -lc /opt/apps/gcc/6.3.0/lib/gcc/x86_64-pc-linux-gnu/6.3.0/crtend.o /lib/../lib64/crtn.o
gmake[1]: Leaving directory `/home1/04709/vantaj94/pcse/project/build/CMakeFiles/CMakeTmp'



Parsed CXX implicit include dir info from above output: rv=done
  found start of include info
  found start of implicit include info
    add: [/opt/intel/compilers_and_libraries_2018.2.199/linux/pstl/include]
    add: [/opt/intel/compilers_and_libraries_2018.2.199/linux/daal/include]
    add: [/opt/intel/compilers_and_libraries_2018.2.199/linux/tbb/include]
    add: [/opt/intel/compilers_and_libraries_2018.2.199/linux/mkl/include]
    add: [/opt/intel/compilers_and_libraries_2018.2.199/linux/ipp/include]
    add: [/opt/intel/compilers_and_libraries_2018.2.199/linux/compiler/include/intel64]
    add: [/opt/intel/compilers_and_libraries_2018.2.199/linux/compiler/include/icc]
    add: [/opt/intel/compilers_and_libraries_2018.2.199/linux/compiler/include]
    add: [/opt/apps/gcc/6.3.0/include/c++/6.3.0]
    add: [/opt/apps/gcc/6.3.0/include/c++/6.3.0/x86_64-pc-linux-gnu]
    add: [/opt/apps/gcc/6.3.0/include/c++/6.3.0/backward]
    add: [/usr/local/include]
    add: [/opt/apps/gcc/6.3.0/lib/gcc/x86_64-pc-linux-gnu/6.3.0/include]
    add: [/opt/apps/gcc/6.3.0/lib/gcc/x86_64-pc-linux-gnu/6.3.0/include-fixed]
    add: [/opt/apps/gcc/6.3.0/include/]
    add: [/usr/include]
  end of search list found
  collapse include dir [/opt/intel/compilers_and_libraries_2018.2.199/linux/pstl/include] ==> [/opt/intel/compilers_and_libraries_2018.2.199/linux/pstl/include]
  collapse include dir [/opt/intel/compilers_and_libraries_2018.2.199/linux/daal/include] ==> [/opt/intel/compilers_and_libraries_2018.2.199/linux/daal/include]
  collapse include dir [/opt/intel/compilers_and_libraries_2018.2.199/linux/tbb/include] ==> [/opt/intel/compilers_and_libraries_2018.2.199/linux/tbb/include]
  collapse include dir [/opt/intel/compilers_and_libraries_2018.2.199/linux/mkl/include] ==> [/opt/intel/compilers_and_libraries_2018.2.199/linux/mkl/include]
  collapse include dir [/opt/intel/compilers_and_libraries_2018.2.199/linux/ipp/include] ==> [/opt/intel/compilers_and_libraries_2018.2.199/linux/ipp/include]
  collapse include dir [/opt/intel/compilers_and_libraries_2018.2.199/linux/compiler/include/intel64] ==> [/opt/intel/compilers_and_libraries_2018.2.199/linux/compiler/include/intel64]
  collapse include dir [/opt/intel/compilers_and_libraries_2018.2.199/linux/compiler/include/icc] ==> [/opt/intel/compilers_and_libraries_2018.2.199/linux/compiler/include/icc]
  collapse include dir [/opt/intel/compilers_and_libraries_2018.2.199/linux/compiler/include] ==> [/opt/intel/compilers_and_libraries_2018.2.199/linux/compiler/include]
  collapse include dir [/opt/apps/gcc/6.3.0/include/c++/6.3.0] ==> [/opt/apps/gcc/6.3.0/include/c++/6.3.0]
  collapse include dir [/opt/apps/gcc/6.3.0/include/c++/6.3.0/x86_64-pc-linux-gnu] ==> [/opt/apps/gcc/6.3.0/include/c++/6.3.0/x86_64-pc-linux-gnu]
  collapse include dir [/opt/apps/gcc/6.3.0/include/c++/6.3.0/backward] ==> [/opt/apps/gcc/6.3.0/include/c++/6.3.0/backward]
  collapse include dir [/usr/local/include] ==> [/usr/local/include]
  collapse include dir [/opt/apps/gcc/6.3.0/lib/gcc/x86_64-pc-linux-gnu/6.3.0/include] ==> [/opt/apps/gcc/6.3.0/lib/gcc/x86_64-pc-linux-gnu/6.3.0/include]
  collapse include dir [/opt/apps/gcc/6.3.0/lib/gcc/x86_64-pc-linux-gnu/6.3.0/include-fixed] ==> [/opt/apps/gcc/6.3.0/lib/gcc/x86_64-pc-linux-gnu/6.3.0/include-fixed]
  collapse include dir [/opt/apps/gcc/6.3.0/include/] ==> [/opt/apps/gcc/6.3.0/include]
  collapse include dir [/usr/include] ==> [/usr/include]
  implicit include dirs: [/opt/intel/compilers_and_libraries_2018.2.199/linux/pstl/include;/opt/intel/compilers_and_libraries_2018.2.199/linux/daal/include;/opt/intel/compilers_and_libraries_2018.2.199/linux/tbb/include;/opt/intel/compilers_and_libraries_2018.2.199/linux/mkl/include;/opt/intel/compilers_and_libraries_2018.2.199/linux/ipp/include;/opt/intel/compilers_and_libraries_2018.2.199/linux/compiler/include/intel64;/opt/intel/compilers_and_libraries_2018.2.199/linux/compiler/include/icc;/opt/intel/compilers_and_libraries_2018.2.199/linux/compiler/include;/opt/apps/gcc/6.3.0/include/c++/6.3.0;/opt/apps/gcc/6.3.0/include/c++/6.3.0/x86_64-pc-linux-gnu;/opt/apps/gcc/6.3.0/include/c++/6.3.0/backward;/usr/local/include;/opt/apps/gcc/6.3.0/lib/gcc/x86_64-pc-linux-gnu/6.3.0/include;/opt/apps/gcc/6.3.0/lib/gcc/x86_64-pc-linux-gnu/6.3.0/include-fixed;/opt/apps/gcc/6.3.0/include;/usr/include]


Parsed CXX implicit link information from above output:
  link line regex: [^( *|.*[/\])(ld|CMAKE_LINK_STARTFILE-NOTFOUND|([^/\]+-)?ld|collect2)[^/\]*( |$)]
  ignore line: [Change Dir: /home1/04709/vantaj94/pcse/project/build/CMakeFiles/CMakeTmp]
  ignore line: []
  ignore line: [Run Build Command(s):/bin/gmake cmTC_656dc/fast && /bin/gmake -f CMakeFiles/cmTC_656dc.dir/build.make CMakeFiles/cmTC_656dc.dir/build]
  ignore line: [gmake[1]: Entering directory `/home1/04709/vantaj94/pcse/project/build/CMakeFiles/CMakeTmp']
  ignore line: [Building CXX object CMakeFiles/cmTC_656dc.dir/CMakeCXXCompilerABI.cpp.o]
  ignore line: [/opt/intel/compilers_and_libraries_2018.2.199/linux/bin/intel64/icpc    -v -o CMakeFiles/cmTC_656dc.dir/CMakeCXXCompilerABI.cpp.o -c /opt/apps/cmake/3.16.1/share/cmake-3.16/Modules/CMakeCXXCompilerABI.cpp]
  ignore line: [icpc version 18.0.2 (gcc version 6.3.0 compatibility)]
  ignore line: [/opt/intel/compilers_and_libraries_2018.2.199/linux/bin/intel64/mcpcom    --target_efi2 --lang=c++ -_g -mP3OPT_inline_alloca -D__ICC=1800 -D__INTEL_COMPILER=1800 -D__INTEL_COMPILER_UPDATE=2 -D__PTRDIFF_TYPE__=long "-D__SIZE_TYPE__=unsigned long" -D__WCHAR_TYPE__=int "-D__WINT_TYPE__=unsigned int" "-D__INTMAX_TYPE__=long int" "-D__UINTMAX_TYPE__=long unsigned int" -D__GLIBCXX_TYPE_INT_N_0=__int128 -D__GLIBCXX_BITSIZE_INT_N_0=128 -D__LONG_MAX__=9223372036854775807L -D__QMSPP_ -D__OPTIMIZE__ -D__NO_MATH_INLINES -D__NO_STRING_INLINES -D__GNUC_GNU_INLINE__ -D__GNUG__=6 -D__GNUC__=6 -D__GNUC_MINOR__=3 -D__GNUC_PATCHLEVEL__=0 -D__LP64__ -D_LP64 -D_GNU_SOURCE=1 -D__DEPRECATED=1 -D__GXX_WEAK__=1 -D__GXX_ABI_VERSION=1010 "-D__USER_LABEL_PREFIX__= " -D__REGISTER_PREFIX__= -D__INTEL_RTTI__ -D__EXCEPTIONS=1 -D__unix__ -D__unix -D__linux__ -D__linux -D__gnu_linux__ -B -Dunix -Dlinux "-_Asystem(unix)" -D__ELF__ -D__x86_64 -D__x86_64__ -D__amd64 -D__amd64__ "-_Acpu(x86_64)" "-_Amachine(x86_64)" -D__INTEL_COMPILER_BUILD_DATE=20180210 -D__INTEL_OFFLOAD -D__i686 -D__i686__ -D__pentiumpro -D__pentiumpro__ -D__pentium4 -D__pentium4__ -D__tune_pentium4__ -D__SSE2__ -D__SSE2_MATH__ -D__SSE__ -D__SSE_MATH__ -D__MMX__ -_k -_8 -_l --has_new_stdarg_support -_a -_b --gnu_version=60300 -_W5 --gcc-extern-inline -p --bool -tused -x --multibyte_chars -mGLOB_diag_suppress_sys --system_preinclude /usr/include/stdc-predef.h --array_section --simd --simd_func --offload_mode=1 --offload_target_names=gfx GFX mic MIC --offload_unique_string=icpc0299736238ALC9dE --bool -mGLOB_em64t=TRUE -mP1OPT_version=18.0-intel64 -mGLOB_diag_file=CMakeFiles/cmTC_656dc.dir/CMakeCXXCompilerABI.cpp.diag -mGLOB_long_size_64 -mGLOB_routine_pointer_size_64 -mP1OPT_print_version=FALSE -mCG_use_gas_got_workaround=F -mP2OPT_align_option_used=TRUE -mGLOB_gcc_version=630 "-mGLOB_options_string=-v -o CMakeFiles/cmTC_656dc.dir/CMakeCXXCompilerABI.cpp.o -c" -mGLOB_cxx_limited_range=FALSE -mCG_extend_parms=FALSE -mGLOB_compiler_bin_directory=/opt/intel/compilers_and_libraries_2018.2.199/linux/bin/intel64 -mGLOB_as_output_backup_file_name=/tmp/icpcFxMudQas_.s -mIPOPT_activate -mIPOPT_lite -mGLOB_instruction_tuning=0x0 -mGLOB_uarch_tuning=0x0 -mGLOB_product_id_code=0x22006d8f -mCG_bnl_movbe=T -mGLOB_extended_instructions=0x8 -mP3OPT_use_mspp_call_convention -mP2OPT_subs_out_of_bound=FALSE -mP2OPT_disam_type_based_disam=2 -mP2OPT_disam_assume_ansi_c -mP2OPT_checked_disam_ansi_alias=TRUE -mGLOB_ansi_alias -mPGOPTI_value_profile_use=T -mP2OPT_il0_array_sections=TRUE -mGLOB_offload_mode=1 -mP2OPT_offload_unique_var_string=icpc0299736238ALC9dE -mP2OPT_hlo_level=2 -mP2OPT_hlo -mP2OPT_hpo_rtt_control=0 -mIPOPT_args_in_regs=0 -mP2OPT_disam_assume_nonstd_intent_in=FALSE -mGLOB_imf_mapping_library=/opt/intel/compilers_and_libraries_2018.2.199/linux/bin/intel64/libiml_attr.so -mPGOPTI_gen_threadsafe_level=0 -mIPOPT_lto_object_enabled -mIPOPT_lto_object_value=1 -mIPOPT_obj_output_file_name=CMakeFiles/cmTC_656dc.dir/CMakeCXXCompilerABI.cpp.o -mIPOPT_whole_archive_fixup_file_name=/tmp/icpcwarchR0thwk -mGLOB_linker_version=2.28 -mGLOB_driver_tempfile_name=/tmp/icpctempfile0Ea5Gz -mP3OPT_asm_target=P3OPT_ASM_TARGET_GAS -mGLOB_async_unwind_tables=TRUE -mGLOB_obj_output_file=CMakeFiles/cmTC_656dc.dir/CMakeCXXCompilerABI.cpp.o -mGLOB_source_dialect=GLOB_SOURCE_DIALECT_C_PLUS_PLUS -mP1OPT_source_file_name=/opt/apps/cmake/3.16.1/share/cmake-3.16/Modules/CMakeCXXCompilerABI.cpp -mP1OPT_full_source_file_name=/opt/apps/cmake/3.16.1/share/cmake-3.16/Modules/CMakeCXXCompilerABI.cpp -mGLOB_eh_linux /opt/apps/cmake/3.16.1/share/cmake-3.16/Modules/CMakeCXXCompilerABI.cpp]
  ignore line: [#include "..." search starts here:]
  ignore line: [#include <...> search starts here:]
  ignore line: [ /opt/intel/compilers_and_libraries_2018.2.199/linux/pstl/include]
  ignore line: [ /opt/intel/compilers_and_libraries_2018.2.199/linux/daal/include]
  ignore line: [ /opt/intel/compilers_and_libraries_2018.2.199/linux/tbb/include]
  ignore line: [ /opt/intel/compilers_and_libraries_2018.2.199/linux/mkl/include]
  ignore line: [ /opt/intel/compilers_and_libraries_2018.2.199/linux/ipp/include]
  ignore line: [ /opt/intel/compilers_and_libraries_2018.2.199/linux/compiler/include/intel64]
  ignore line: [ /opt/intel/compilers_and_libraries_2018.2.199/linux/compiler/include/icc]
  ignore line: [ /opt/intel/compilers_and_libraries_2018.2.199/linux/compiler/include]
  ignore line: [ /opt/apps/gcc/6.3.0/include/c++/6.3.0]
  ignore line: [ /opt/apps/gcc/6.3.0/include/c++/6.3.0/x86_64-pc-linux-gnu]
  ignore line: [ /opt/apps/gcc/6.3.0/include/c++/6.3.0/backward]
  ignore line: [ /usr/local/include]
  ignore line: [ /opt/apps/gcc/6.3.0/lib/gcc/x86_64-pc-linux-gnu/6.3.0/include]
  ignore line: [ /opt/apps/gcc/6.3.0/lib/gcc/x86_64-pc-linux-gnu/6.3.0/include-fixed]
  ignore line: [ /opt/apps/gcc/6.3.0/include/]
  ignore line: [ /usr/include]
  ignore line: [End of search list.]
  ignore line: [Linking CXX executable cmTC_656dc]
  ignore line: [/opt/apps/cmake/3.16.1/bin/cmake -E cmake_link_script CMakeFiles/cmTC_656dc.dir/link.txt --verbose=1]
  ignore line: [/opt/intel/compilers_and_libraries_2018.2.199/linux/bin/intel64/icpc      -v -rdynamic CMakeFiles/cmTC_656dc.dir/CMakeCXXCompilerABI.cpp.o  -o cmTC_656dc ]
  ignore line: [icpc version 18.0.2 (gcc version 6.3.0 compatibility)]
  ignore line: [/opt/intel/compilers_and_libraries_2018.2.199/linux/bin/intel64/mcpcom    -mGLOB_em64t=TRUE -mP1OPT_version=18.0-intel64 -mGLOB_diag_file=CMakeFiles/cmTC_656dc.dir/CMakeCXXCompilerABI.cpp.diag -mGLOB_long_size_64 -mGLOB_routine_pointer_size_64 -mP1OPT_print_version=FALSE -mCG_use_gas_got_workaround=F -mP2OPT_align_option_used=TRUE -mGLOB_gcc_version=630 "-mGLOB_options_string=-v -rdynamic -o cmTC_656dc" -mGLOB_cxx_limited_range=FALSE -mCG_extend_parms=FALSE -mGLOB_compiler_bin_directory=/opt/intel/compilers_and_libraries_2018.2.199/linux/bin/intel64 -mGLOB_as_output_backup_file_name=/tmp/icpcBQoSI9as_.s -mGLOB_dashboard_use_source_name -mIPOPT_activate -mGLOB_product_id_code=0x22006d8f -mP3OPT_use_mspp_call_convention -mP2OPT_subs_out_of_bound=FALSE -mP2OPT_disam_type_based_disam=2 -mP2OPT_disam_assume_ansi_c -mP2OPT_checked_disam_ansi_alias=TRUE -mGLOB_ansi_alias -mPGOPTI_value_profile_use=T -mGLOB_opt_report_use_source_name -mP2OPT_il0_array_sections=TRUE -mGLOB_offload_mode=1 -mP2OPT_offload_unique_var_string=icpc0996047471PjU9dI -mP2OPT_hlo -mP2OPT_hpo_rtt_control=0 -mIPOPT_args_in_regs=0 -mP2OPT_disam_assume_nonstd_intent_in=FALSE -mGLOB_imf_mapping_library=/opt/intel/compilers_and_libraries_2018.2.199/linux/bin/intel64/libiml_attr.so -mPGOPTI_gen_threadsafe_level=0 -mIPOPT_link -mIPOPT_ipo_activate -mIPOPT_mo_activate -mIPOPT_source_files_list=/tmp/icpcslisru56Ap -mIPOPT_mo_global_data -mIPOPT_link_script_file=/tmp/icpcscripthMqiYE "-mIPOPT_cmdline_link="/lib/../lib64/crt1.o" "/lib/../lib64/crti.o" "/opt/apps/gcc/6.3.0/lib/gcc/x86_64-pc-linux-gnu/6.3.0/crtbegin.o" "-export-dynamic" "--eh-frame-hdr" "--build-id" "-dynamic-linker" "/lib64/ld-linux-x86-64.so.2" "-m" "elf_x86_64" "-o" "cmTC_656dc" "-L/opt/intel/compilers_and_libraries_2018.2.199/linux/daal/../tbb/lib/intel64_lin/gcc4.4" "-L/opt/intel/compilers_and_libraries_2018.2.199/linux/daal/lib/intel64_lin" "-L/opt/intel/compilers_and_libraries_2018.2.199/linux/tbb/lib/intel64/gcc4.7" "-L/opt/intel/compilers_and_libraries_2018.2.199/linux/mkl/lib/intel64_lin" "-L/opt/intel/compilers_and_libraries_2018.2.199/linux/compiler/lib/intel64_lin" "-L/opt/intel/compilers_and_libraries_2018.2.199/linux/ipp/lib/intel64" "-L/opt/intel/compilers_and_libraries_2018.2.199/linux/compiler/lib/intel64_lin" "-L/opt/apps/gcc/6.3.0/lib/gcc/x86_64-pc-linux-gnu/6.3.0/" "-L/opt/apps/gcc/6.3.0/lib/gcc/x86_64-pc-linux-gnu/6.3.0/../../../../lib64" "-L/opt/apps/gcc/6.3.0/lib/gcc/x86_64-pc-linux-gnu/6.3.0/../../../../lib64/" "-L/lib/../lib64" "-L/lib/../lib64/" "-L/usr/lib/../lib64" "-L/usr/lib/../lib64/" "-L/opt/intel/compilers_and_libraries_2018.2.199/linux/daal/../tbb/lib/intel64_lin/gcc4.4/" "-L/opt/intel/compilers_and_libraries_2018.2.199/linux/daal/lib/intel64_lin/" "-L/opt/intel/compilers_and_libraries_2018.2.199/linux/tbb/lib/intel64/gcc4.7/" "-L/opt/intel/compilers_and_libraries_2018.2.199/linux/mkl/lib/intel64_lin/" "-L/opt/intel/compilers_and_libraries_2018.2.199/linux/compiler/lib/intel64_lin/" "-L/opt/intel/compilers_and_libraries_2018.2.199/linux/ipp/lib/intel64/" "-L/opt/apps/gcc/6.3.0/lib/gcc/x86_64-pc-linux-gnu/6.3.0/../../../../x86_64-pc-linux-gnu/lib/" "-L/opt/apps/gcc/6.3.0/lib/gcc/x86_64-pc-linux-gnu/6.3.0/../../../" "-L/lib64" "-L/lib/" "-L/usr/lib64" "-L/usr/lib" "CMakeFiles/cmTC_656dc.dir/CMakeCXXCompilerABI.cpp.o" "-Bdynamic" "-Bstatic" "-limf" "-lsvml" "-lirng" "-Bdynamic" "-lstdc++" "-lm" "-Bstatic" "-lipgo" "-ldecimal" "--as-needed" "-Bdynamic" "-lcilkrts" "--no-as-needed" "-lstdc++" "-lgcc" "-lgcc_s" "-Bstatic" "-lirc" "-lsvml" "-Bdynamic" "-lc" "-lgcc" "-lgcc_s" "-Bstatic" "-lirc_s" "-Bdynamic" "-ldl" "-lc" "/opt/apps/gcc/6.3.0/lib/gcc/x86_64-pc-linux-gnu/6.3.0/crtend.o" "/lib/../lib64/crtn.o"" -mIPOPT_il_in_obj -mIPOPT_ipo_activate_warn=FALSE -mIPOPT_obj_output_file_name=/tmp/ipo_icpc9Bc5lV.o -mIPOPT_whole_archive_fixup_file_name=/tmp/icpcwarchdxxZWT -mGLOB_linker_version=2.28 -mGLOB_driver_tempfile_name=/tmp/icpctempfileDBnyn9 -mP3OPT_asm_target=P3OPT_ASM_TARGET_GAS -mGLOB_async_unwind_tables=TRUE -mGLOB_obj_output_file=/tmp/ipo_icpc9Bc5lV.o -mGLOB_source_dialect=GLOB_SOURCE_DIALECT_NONE -mP1OPT_source_file_name=ipo_out.c CMakeFiles/cmTC_656dc.dir/CMakeCXXCompilerABI.cpp.o -mIPOPT_object_files=T -mIPOPT_assembly_files=/tmp/icpcalis9YSp6p -mIPOPT_generated_tempfiles=/tmp/icpcelisLqzAtF -mIPOPT_embedded_object_base_name=/tmp/icpceobjXS7KQU -mIPOPT_cmdline_link_new_name=/tmp/icpclliszJaWda]
  link line: [/opt/apps/xalt/xalt/bin/ld    /lib/../lib64/crt1.o /lib/../lib64/crti.o /opt/apps/gcc/6.3.0/lib/gcc/x86_64-pc-linux-gnu/6.3.0/crtbegin.o -export-dynamic --eh-frame-hdr --build-id -dynamic-linker /lib64/ld-linux-x86-64.so.2 -m elf_x86_64 -o cmTC_656dc -L/opt/intel/compilers_and_libraries_2018.2.199/linux/daal/../tbb/lib/intel64_lin/gcc4.4 -L/opt/intel/compilers_and_libraries_2018.2.199/linux/daal/lib/intel64_lin -L/opt/intel/compilers_and_libraries_2018.2.199/linux/tbb/lib/intel64/gcc4.7 -L/opt/intel/compilers_and_libraries_2018.2.199/linux/mkl/lib/intel64_lin -L/opt/intel/compilers_and_libraries_2018.2.199/linux/compiler/lib/intel64_lin -L/opt/intel/compilers_and_libraries_2018.2.199/linux/ipp/lib/intel64 -L/opt/intel/compilers_and_libraries_2018.2.199/linux/compiler/lib/intel64_lin -L/opt/apps/gcc/6.3.0/lib/gcc/x86_64-pc-linux-gnu/6.3.0/ -L/opt/apps/gcc/6.3.0/lib/gcc/x86_64-pc-linux-gnu/6.3.0/../../../../lib64 -L/opt/apps/gcc/6.3.0/lib/gcc/x86_64-pc-linux-gnu/6.3.0/../../../../lib64/ -L/lib/../lib64 -L/lib/../lib64/ -L/usr/lib/../lib64 -L/usr/lib/../lib64/ -L/opt/intel/compilers_and_libraries_2018.2.199/linux/daal/../tbb/lib/intel64_lin/gcc4.4/ -L/opt/intel/compilers_and_libraries_2018.2.199/linux/daal/lib/intel64_lin/ -L/opt/intel/compilers_and_libraries_2018.2.199/linux/tbb/lib/intel64/gcc4.7/ -L/opt/intel/compilers_and_libraries_2018.2.199/linux/mkl/lib/intel64_lin/ -L/opt/intel/compilers_and_libraries_2018.2.199/linux/compiler/lib/intel64_lin/ -L/opt/intel/compilers_and_libraries_2018.2.199/linux/ipp/lib/intel64/ -L/opt/apps/gcc/6.3.0/lib/gcc/x86_64-pc-linux-gnu/6.3.0/../../../../x86_64-pc-linux-gnu/lib/ -L/opt/apps/gcc/6.3.0/lib/gcc/x86_64-pc-linux-gnu/6.3.0/../../../ -L/lib64 -L/lib/ -L/usr/lib64 -L/usr/lib CMakeFiles/cmTC_656dc.dir/CMakeCXXCompilerABI.cpp.o -Bdynamic -Bstatic -limf -lsvml -lirng -Bdynamic -lstdc++ -lm -Bstatic -lipgo -ldecimal --as-needed -Bdynamic -lcilkrts --no-as-needed -lstdc++ -lgcc -lgcc_s -Bstatic -lirc -lsvml -Bdynamic -lc -lgcc -lgcc_s -Bstatic -lirc_s -Bdynamic -ldl -lc /opt/apps/gcc/6.3.0/lib/gcc/x86_64-pc-linux-gnu/6.3.0/crtend.o /lib/../lib64/crtn.o]
    arg [/opt/apps/xalt/xalt/bin/ld] ==> ignore
    arg [/lib/../lib64/crt1.o] ==> ignore
    arg [/lib/../lib64/crti.o] ==> ignore
    arg [/opt/apps/gcc/6.3.0/lib/gcc/x86_64-pc-linux-gnu/6.3.0/crtbegin.o] ==> ignore
    arg [-export-dynamic] ==> ignore
    arg [--eh-frame-hdr] ==> ignore
    arg [--build-id] ==> ignore
    arg [-dynamic-linker] ==> ignore
    arg [/lib64/ld-linux-x86-64.so.2] ==> ignore
    arg [-m] ==> ignore
    arg [elf_x86_64] ==> ignore
    arg [-o] ==> ignore
    arg [cmTC_656dc] ==> ignore
    arg [-L/opt/intel/compilers_and_libraries_2018.2.199/linux/daal/../tbb/lib/intel64_lin/gcc4.4] ==> dir [/opt/intel/compilers_and_libraries_2018.2.199/linux/daal/../tbb/lib/intel64_lin/gcc4.4]
    arg [-L/opt/intel/compilers_and_libraries_2018.2.199/linux/daal/lib/intel64_lin] ==> dir [/opt/intel/compilers_and_libraries_2018.2.199/linux/daal/lib/intel64_lin]
    arg [-L/opt/intel/compilers_and_libraries_2018.2.199/linux/tbb/lib/intel64/gcc4.7] ==> dir [/opt/intel/compilers_and_libraries_2018.2.199/linux/tbb/lib/intel64/gcc4.7]
    arg [-L/opt/intel/compilers_and_libraries_2018.2.199/linux/mkl/lib/intel64_lin] ==> dir [/opt/intel/compilers_and_libraries_2018.2.199/linux/mkl/lib/intel64_lin]
    arg [-L/opt/intel/compilers_and_libraries_2018.2.199/linux/compiler/lib/intel64_lin] ==> dir [/opt/intel/compilers_and_libraries_2018.2.199/linux/compiler/lib/intel64_lin]
    arg [-L/opt/intel/compilers_and_libraries_2018.2.199/linux/ipp/lib/intel64] ==> dir [/opt/intel/compilers_and_libraries_2018.2.199/linux/ipp/lib/intel64]
    arg [-L/opt/intel/compilers_and_libraries_2018.2.199/linux/compiler/lib/intel64_lin] ==> dir [/opt/intel/compilers_and_libraries_2018.2.199/linux/compiler/lib/intel64_lin]
    arg [-L/opt/apps/gcc/6.3.0/lib/gcc/x86_64-pc-linux-gnu/6.3.0/] ==> dir [/opt/apps/gcc/6.3.0/lib/gcc/x86_64-pc-linux-gnu/6.3.0/]
    arg [-L/opt/apps/gcc/6.3.0/lib/gcc/x86_64-pc-linux-gnu/6.3.0/../../../../lib64] ==> dir [/opt/apps/gcc/6.3.0/lib/gcc/x86_64-pc-linux-gnu/6.3.0/../../../../lib64]
    arg [-L/opt/apps/gcc/6.3.0/lib/gcc/x86_64-pc-linux-gnu/6.3.0/../../../../lib64/] ==> dir [/opt/apps/gcc/6.3.0/lib/gcc/x86_64-pc-linux-gnu/6.3.0/../../../../lib64/]
    arg [-L/lib/../lib64] ==> dir [/lib/../lib64]
    arg [-L/lib/../lib64/] ==> dir [/lib/../lib64/]
    arg [-L/usr/lib/../lib64] ==> dir [/usr/lib/../lib64]
    arg [-L/usr/lib/../lib64/] ==> dir [/usr/lib/../lib64/]
    arg [-L/opt/intel/compilers_and_libraries_2018.2.199/linux/daal/../tbb/lib/intel64_lin/gcc4.4/] ==> dir [/opt/intel/compilers_and_libraries_2018.2.199/linux/daal/../tbb/lib/intel64_lin/gcc4.4/]
    arg [-L/opt/intel/compilers_and_libraries_2018.2.199/linux/daal/lib/intel64_lin/] ==> dir [/opt/intel/compilers_and_libraries_2018.2.199/linux/daal/lib/intel64_lin/]
    arg [-L/opt/intel/compilers_and_libraries_2018.2.199/linux/tbb/lib/intel64/gcc4.7/] ==> dir [/opt/intel/compilers_and_libraries_2018.2.199/linux/tbb/lib/intel64/gcc4.7/]
    arg [-L/opt/intel/compilers_and_libraries_2018.2.199/linux/mkl/lib/intel64_lin/] ==> dir [/opt/intel/compilers_and_libraries_2018.2.199/linux/mkl/lib/intel64_lin/]
    arg [-L/opt/intel/compilers_and_libraries_2018.2.199/linux/compiler/lib/intel64_lin/] ==> dir [/opt/intel/compilers_and_libraries_2018.2.199/linux/compiler/lib/intel64_lin/]
    arg [-L/opt/intel/compilers_and_libraries_2018.2.199/linux/ipp/lib/intel64/] ==> dir [/opt/intel/compilers_and_libraries_2018.2.199/linux/ipp/lib/intel64/]
    arg [-L/opt/apps/gcc/6.3.0/lib/gcc/x86_64-pc-linux-gnu/6.3.0/../../../../x86_64-pc-linux-gnu/lib/] ==> dir [/opt/apps/gcc/6.3.0/lib/gcc/x86_64-pc-linux-gnu/6.3.0/../../../../x86_64-pc-linux-gnu/lib/]
    arg [-L/opt/apps/gcc/6.3.0/lib/gcc/x86_64-pc-linux-gnu/6.3.0/../../../] ==> dir [/opt/apps/gcc/6.3.0/lib/gcc/x86_64-pc-linux-gnu/6.3.0/../../../]
    arg [-L/lib64] ==> dir [/lib64]
    arg [-L/lib/] ==> dir [/lib/]
    arg [-L/usr/lib64] ==> dir [/usr/lib64]
    arg [-L/usr/lib] ==> dir [/usr/lib]
    arg [CMakeFiles/cmTC_656dc.dir/CMakeCXXCompilerABI.cpp.o] ==> ignore
    arg [-Bdynamic] ==> ignore
    arg [-Bstatic] ==> ignore
    arg [-limf] ==> lib [imf]
    arg [-lsvml] ==> lib [svml]
    arg [-lirng] ==> lib [irng]
    arg [-Bdynamic] ==> ignore
    arg [-lstdc++] ==> lib [stdc++]
    arg [-lm] ==> lib [m]
    arg [-Bstatic] ==> ignore
    arg [-lipgo] ==> lib [ipgo]
    arg [-ldecimal] ==> lib [decimal]
    arg [--as-needed] ==> ignore
    arg [-Bdynamic] ==> ignore
    arg [-lcilkrts] ==> lib [cilkrts]
    arg [--no-as-needed] ==> ignore
    arg [-lstdc++] ==> lib [stdc++]
    arg [-lgcc] ==> lib [gcc]
    arg [-lgcc_s] ==> lib [gcc_s]
    arg [-Bstatic] ==> ignore
    arg [-lirc] ==> lib [irc]
    arg [-lsvml] ==> lib [svml]
    arg [-Bdynamic] ==> ignore
    arg [-lc] ==> lib [c]
    arg [-lgcc] ==> lib [gcc]
    arg [-lgcc_s] ==> lib [gcc_s]
    arg [-Bstatic] ==> ignore
    arg [-lirc_s] ==> lib [irc_s]
    arg [-Bdynamic] ==> ignore
    arg [-ldl] ==> lib [dl]
    arg [-lc] ==> lib [c]
    arg [/opt/apps/gcc/6.3.0/lib/gcc/x86_64-pc-linux-gnu/6.3.0/crtend.o] ==> ignore
    arg [/lib/../lib64/crtn.o] ==> ignore
  collapse library dir [/opt/intel/compilers_and_libraries_2018.2.199/linux/daal/../tbb/lib/intel64_lin/gcc4.4] ==> [/opt/intel/compilers_and_libraries_2018.2.199/linux/tbb/lib/intel64_lin/gcc4.4]
  collapse library dir [/opt/intel/compilers_and_libraries_2018.2.199/linux/daal/lib/intel64_lin] ==> [/opt/intel/compilers_and_libraries_2018.2.199/linux/daal/lib/intel64_lin]
  collapse library dir [/opt/intel/compilers_and_libraries_2018.2.199/linux/tbb/lib/intel64/gcc4.7] ==> [/opt/intel/compilers_and_libraries_2018.2.199/linux/tbb/lib/intel64/gcc4.7]
  collapse library dir [/opt/intel/compilers_and_libraries_2018.2.199/linux/mkl/lib/intel64_lin] ==> [/opt/intel/compilers_and_libraries_2018.2.199/linux/mkl/lib/intel64_lin]
  collapse library dir [/opt/intel/compilers_and_libraries_2018.2.199/linux/compiler/lib/intel64_lin] ==> [/opt/intel/compilers_and_libraries_2018.2.199/linux/compiler/lib/intel64_lin]
  collapse library dir [/opt/intel/compilers_and_libraries_2018.2.199/linux/ipp/lib/intel64] ==> [/opt/intel/compilers_and_libraries_2018.2.199/linux/ipp/lib/intel64]
  collapse library dir [/opt/intel/compilers_and_libraries_2018.2.199/linux/compiler/lib/intel64_lin] ==> [/opt/intel/compilers_and_libraries_2018.2.199/linux/compiler/lib/intel64_lin]
  collapse library dir [/opt/apps/gcc/6.3.0/lib/gcc/x86_64-pc-linux-gnu/6.3.0/] ==> [/opt/apps/gcc/6.3.0/lib/gcc/x86_64-pc-linux-gnu/6.3.0]
  collapse library dir [/opt/apps/gcc/6.3.0/lib/gcc/x86_64-pc-linux-gnu/6.3.0/../../../../lib64] ==> [/opt/apps/gcc/6.3.0/lib64]
  collapse library dir [/opt/apps/gcc/6.3.0/lib/gcc/x86_64-pc-linux-gnu/6.3.0/../../../../lib64/] ==> [/opt/apps/gcc/6.3.0/lib64]
  collapse library dir [/lib/../lib64] ==> [/lib64]
  collapse library dir [/lib/../lib64/] ==> [/lib64]
  collapse library dir [/usr/lib/../lib64] ==> [/usr/lib64]
  collapse library dir [/usr/lib/../lib64/] ==> [/usr/lib64]
  collapse library dir [/opt/intel/compilers_and_libraries_2018.2.199/linux/daal/../tbb/lib/intel64_lin/gcc4.4/] ==> [/opt/intel/compilers_and_libraries_2018.2.199/linux/tbb/lib/intel64_lin/gcc4.4]
  collapse library dir [/opt/intel/compilers_and_libraries_2018.2.199/linux/daal/lib/intel64_lin/] ==> [/opt/intel/compilers_and_libraries_2018.2.199/linux/daal/lib/intel64_lin]
  collapse library dir [/opt/intel/compilers_and_libraries_2018.2.199/linux/tbb/lib/intel64/gcc4.7/] ==> [/opt/intel/compilers_and_libraries_2018.2.199/linux/tbb/lib/intel64/gcc4.7]
  collapse library dir [/opt/intel/compilers_and_libraries_2018.2.199/linux/mkl/lib/intel64_lin/] ==> [/opt/intel/compilers_and_libraries_2018.2.199/linux/mkl/lib/intel64_lin]
  collapse library dir [/opt/intel/compilers_and_libraries_2018.2.199/linux/compiler/lib/intel64_lin/] ==> [/opt/intel/compilers_and_libraries_2018.2.199/linux/compiler/lib/intel64_lin]
  collapse library dir [/opt/intel/compilers_and_libraries_2018.2.199/linux/ipp/lib/intel64/] ==> [/opt/intel/compilers_and_libraries_2018.2.199/linux/ipp/lib/intel64]
  collapse library dir [/opt/apps/gcc/6.3.0/lib/gcc/x86_64-pc-linux-gnu/6.3.0/../../../../x86_64-pc-linux-gnu/lib/] ==> [/opt/apps/gcc/6.3.0/x86_64-pc-linux-gnu/lib]
  collapse library dir [/opt/apps/gcc/6.3.0/lib/gcc/x86_64-pc-linux-gnu/6.3.0/../../../] ==> [/opt/apps/gcc/6.3.0/lib]
  collapse library dir [/lib64] ==> [/lib64]
  collapse library dir [/lib/] ==> [/lib]
  collapse library dir [/usr/lib64] ==> [/usr/lib64]
  collapse library dir [/usr/lib] ==> [/usr/lib]
  implicit libs: [imf;svml;irng;stdc++;m;ipgo;decimal;cilkrts;stdc++;gcc;gcc_s;irc;svml;c;gcc;gcc_s;irc_s;dl;c]
  implicit dirs: [/opt/intel/compilers_and_libraries_2018.2.199/linux/tbb/lib/intel64_lin/gcc4.4;/opt/intel/compilers_and_libraries_2018.2.199/linux/daal/lib/intel64_lin;/opt/intel/compilers_and_libraries_2018.2.199/linux/tbb/lib/intel64/gcc4.7;/opt/intel/compilers_and_libraries_2018.2.199/linux/mkl/lib/intel64_lin;/opt/intel/compilers_and_libraries_2018.2.199/linux/compiler/lib/intel64_lin;/opt/intel/compilers_and_libraries_2018.2.199/linux/ipp/lib/intel64;/opt/apps/gcc/6.3.0/lib/gcc/x86_64-pc-linux-gnu/6.3.0;/opt/apps/gcc/6.3.0/lib64;/lib64;/usr/lib64;/opt/apps/gcc/6.3.0/x86_64-pc-linux-gnu/lib;/opt/apps/gcc/6.3.0/lib;/lib;/usr/lib]
  implicit fwks: []


